<?xml version="1.0" encoding="UTF-8"?>
<testng-results skipped="0" failed="0" total="1" passed="1">
  <reporter-output>
  </reporter-output>
  <suite name="All Test Suite" duration-ms="37366" started-at="2019-07-03T03:50:04Z" finished-at="2019-07-03T03:50:41Z">
    <groups>
    </groups>
    <test name="login_test" duration-ms="37366" started-at="2019-07-03T03:50:04Z" finished-at="2019-07-03T03:50:41Z">
      <class name="Test.loginTest">
        <test-method status="PASS" signature="LoginTestFunction()[pri:0, instance:Test.loginTest@4eba373c]" name="LoginTestFunction" duration-ms="37350" started-at="2019-07-03T10:50:04Z" finished-at="2019-07-03T10:50:41Z">
          <reporter-output>
          </reporter-output>
        </test-method> <!-- LoginTestFunction -->
      </class> <!-- Test.loginTest -->
    </test> <!-- login_test -->
  </suite> <!-- All Test Suite -->
</testng-results>
